<?xml version="1.0" encoding="UTF-8"?>
<testsuite name="com.testrunner.testrunner" time="0.007" tests="33" errors="0" skipped="5" failures="0">
  <properties>
[...]
</properties>
  <testcase name="Given launch the browser and enter the url" classname="Scenario: Validate admin functionality" time="0.003"/>
  <testcase name="When login page is opened" classname="Scenario: Validate admin functionality" time="0"/>
  <testcase name="Then user enters the login credentials" classname="Scenario: Validate admin functionality" time="0"/>
  <testcase name="Then admin should be selected" classname="Scenario: Validate admin functionality" time="0"/>
  <testcase name="Then type name" classname="Scenario: Validate admin functionality" time="0"/>
  <testcase name="Then select userrole" classname="Scenario: Validate admin functionality" time="0"/>
  <testcase name="Then enter Employeename" classname="Scenario: Validate admin functionality" time="0"/>
  <testcase name="Then click on the search button" classname="Scenario: Validate admin functionality" time="0"/>
  <testcase name="And close the browser" classname="Scenario: Validate admin functionality" time="0"/>
  <testcase name="Scenario: Validate admin functionality" classname="Scenario: Validate admin functionality" time="0.002"/>
  <testcase name="Given launch the browser and enter the url" classname="Scenario: validate Leave funtionality" time="0"/>
  <testcase name="When login page is opened" classname="Scenario: validate Leave funtionality" time="0"/>
  <testcase name="Then user enters the login credentials" classname="Scenario: validate Leave funtionality" time="0"/>
  <testcase name="Then click on Leave" classname="Scenario: validate Leave funtionality" time="0"/>
  <testcase name="Then leave status is shown" classname="Scenario: validate Leave funtionality" time="0">
    <skipped/>
  </testcase>
  <testcase name="Then type name of the employee" classname="Scenario: validate Leave funtionality" time="0">
    <skipped/>
  </testcase>
  <testcase name="Then sub unit is selected" classname="Scenario: validate Leave funtionality" time="0">
    <skipped/>
  </testcase>
  <testcase name="And search button is clicked" classname="Scenario: validate Leave funtionality" time="0">
    <skipped/>
  </testcase>
  <testcase name="Scenario: validate Leave funtionality" classname="Scenario: validate Leave funtionality" time="0">
    <skipped/>
  </testcase>
  <testcase name="Scenario: validate Leave funtionality" classname="Scenario: validate Leave funtionality" time="0.009"/>
  <testcase name="Given launch the browser and enter the url" classname="Scenario: Validate Recuritment functionality" time="0"/>
  <testcase name="When login page is opened" classname="Scenario: Validate Recuritment functionality" time="0"/>
  <testcase name="Then user enters the login credentials" classname="Scenario: Validate Recuritment functionality" time="0"/>
  <testcase name="When recuritment link is clicked" classname="Scenario: Validate Recuritment functionality" time="0"/>
  <testcase name="When select jobtitle" classname="Scenario: Validate Recuritment functionality" time="0"/>
  <testcase name="When select hiringmanager" classname="Scenario: Validate Recuritment functionality" time="0"/>
  <testcase name="When enter candidate name" classname="Scenario: Validate Recuritment functionality" time="0.001"/>
  <testcase name="When type keywords" classname="Scenario: Validate Recuritment functionality" time="0"/>
  <testcase name="When pick  from date of application" classname="Scenario: Validate Recuritment functionality" time="0"/>
  <testcase name="When pick  to date of applictaion" classname="Scenario: Validate Recuritment functionality" time="0"/>
  <testcase name="When select method of application" classname="Scenario: Validate Recuritment functionality" time="0"/>
  <testcase name="Then click on search" classname="Scenario: Validate Recuritment functionality" time="0"/>
  <testcase name="Scenario: Validate Recuritment functionality" classname="Scenario: Validate Recuritment functionality" time="0.001"/>
</testsuite>